931555 298161 525
389042 33244 443
36442 154689 375
51209 123031 354
18509 55590 340
139696 76585 354
29720 17891 308
30144 43578 324
47723 77688 351
109059 143161 375
15297 27129 308
81229 35296 351
135765 14669 354
114916 114224 305
42254 152548 375
70436 156113 375
15542 112253 354
75599 18195 340
76182 90464 351
37533 87236 351
149876 54512 375
96621 28455 351
66546 84386 351
17718 93378 351
102240 37590 351
87586 160995 383
146991 5073 375
128675 78466 354
17077 92442 351
6535 134283 354
157585 39876 383
52696 109239 354
5692 7278 262
131492 158835 383
49783 14762 324
33983 109649 354
102129 108449 354
48118 59208 340
93 94975 351
26587 38560 324
116551 49976 354
38838 140822 354
34690 116704 354
154331 116611 375
152418 154377 352
9148 92034 351
77211 85071 338
125027 86251 354
15241 154180 375
155195 60154 375
17603 126755 354
29797 81588 351
121591 140536 344
19251 84939 351
118863 125523 336
32843 10730 308
12425 165771 383
143845 53496 375
75073 46064 340
92421 9296 351
28064 52081 324
93447 119067 354
46796 160969 383
57419 113168 354
62395 1784 340
88704 134132 354
118367 41376 354
19917 117100 354
103171 39686 351
134234 147892 375
37890 145888 375
84323 78201 338
65117 80884 351
129128 114158 349
98842 118527 354
54524 91276 351
142646 161464 383
77538 63337 351
82434 120553 354
36849 62604 340
26513 35017 311
95930 94348 328
164831 52565 383
84025 72271 351
160392 51494 383
157836 21422 383
151632 83357 375
47891 151749 375
112527 80471 354
79403 140518 354
12382 109859 354
40065 152304 375
143180 110753 375
128065 107407 349
51688 157475 383
53182 1317 340
62482 90500 351
17046 85756 351
9007 83801 351
69475 79924 351
122189 134354 344
139326 56489 354
25808 157586 383
30131 52395 324
163268 131223 383
27218 13398 308
373 113102 354
52368 92433 351
31039 46189 324
83373 120351 354
76402 78856 351
30142 155456 375
28427 144731 375
72533 111660 354
77598 141888 354
149252 28360 375
42364 116994 354
73043 29719 340
13932 78762 351
86766 131168 354
114257 5068 354
144705 40393 375
21434 39492 324
109513 116685 349
142577 89013 354
129583 87424 354
150213 94107 375
34308 50752 324
30902 98810 351
89693 8278 351
140561 27146 354
145827 128114 375
56194 29368 340
106445 134903 349
112364 117733 349
11591 59059 340
163005 60818 383
88944 38329 351
67132 16666 340
71411 91970 351
131287 137488 344
99738 85695 333
166311 75507 383
91626 157817 383
125105 18966 354
136750 65066 354
27792 93147 351
4102 72949 340
140606 139065 344
163873 9128 383
75400 95616 351
7328 122880 354
23410 159569 383
153260 55037 375
122672 72051 354
19670 110356 354
156767 48375 383
41707 147571 375
32226 157969 383
48946 15630 324
165483 103813 383
111800 69532 354
21416 135505 354
115600 158056 383
57745 12686 340
34491 58321 340
26290 76719 340
104243 96993 341
151951 148073 370
47979 125540 354
50381 30114 324
45276 56457 340
153898 100633 375
14352 115425 354
142295 53081 354
74734 21921 340
76833 122444 354
59948 126287 354
17504 89157 351
143290 208 375
129383 108431 349
12989 52898 340
101853 98174 341
53286 126489 354
57471 37033 340
43466 144442 375
73556 97698 351
114263 7064 354
64371 93126 351
114954 60362 354
90495 110147 354
81364 136856 354
142735 7742 375
114914 144072 375
129281 87586 354
115573 125461 336
149539 62760 375
128888 59412 354
22433 76587 340
38485 132398 354
