1785 562 182
9969 2487 262
209 6290 262
6701 9787 260
2353 9501 262
7784 5952 262
5684 2876 238
9046 4501 262
9308 2303 262
1295 3688 217
9927 2389 262
5587 7405 262
3732 8235 262
6479 607 262
8423 6300 257
8987 8285 247
4586 7389 262
8900 3677 262
3116 9107 262
4650 1446 238
7443 9455 260
5633 3896 236
6147 6713 262
4811 9295 262
1505 7772 262
4405 1479 238
9051 4872 262
2493 1086 209
3809 3395 238
3327 3773 238
6803 9513 260
7261 8034 252
6526 8662 257
3072 3828 238
8615 2437 262
294 4096 238
2685 3086 217
3170 253 217
7234 3122 262
6481 1319 262
9337 7732 260
2256 1845 183
3777 1032 238
5917 9551 262
8075 490 262
3929 2300 238
4590 53 238
2532 2280 209
4864 7214 262
8350 3359 262
6944 6442 257
136 7408 262
4880 6580 262
5637 8317 262
3822 1974 238
3024 5120 238
3256 8942 262
3626 4976 238
5371 7156 262
5034 3531 238
2955 3428 199
4029 9582 262
7251 1151 262
8283 5836 262
8604 4252 262
2910 8927 262
4706 6742 262
9673 1952 262
1689 5419 238
3302 8653 262
986 6377 262
8318 5796 262
7692 2789 262
5401 9813 262
2233 4839 238
9538 4633 262
309 2012 182
404 9166 262
1834 1515 180
2755 1325 209
3641 3848 238
7868 4846 262
9464 8140 260
4556 4937 210
1022 7302 262
7495 4423 262
4605 9036 262
6139 8243 262
4133 3982 189
5697 673 238
7919 526 262
10000 4173 262
6862 2883 262
8503 9212 247
1581 3502 217
9591 5643 262
2757 8837 262
9893 9538 242
1420 2610 209
9352 2911 262
4360 7935 262
1935 7764 262
7967 1961 262
7094 4044 262
2615 398 209
4017 9916 262
1278 1230 177
4058 5475 215
5861 7329 262
4951 9186 262
6679 1141 262
3901 5425 215
2205 6432 262
5108 9593 262
909 2614 209
7085 6433 257
4259 285 238
925 4053 238
9062 5751 262
2140 9879 262
4334 5868 236
6147 192 238
9113 8930 247
4615 6096 236
5247 3287 238
6201 3218 262
6928 785 262
4352 1553 238
707 2439 183
1956 4111 238
9014 3193 262
6881 1214 262
7445 9494 260
6081 8495 262
6883 2021 262
6889 6510 244
7578 7354 239
6371 6980 257
1059 7849 262
2455 9260 262
5402 3133 238
3280 8572 262
3030 4250 238
6161 1370 238
4802 136 238
8807 5671 262
2586 325 209
4971 4999 179
2845 8079 262
1183 9826 262
