1 1 1
2 2 2
3 3 8
1 10 20
10 1 20
100 500 144
500 1000 179
100 1000 179
1000 100 179
2000 5000 238
1 1000000 525
1 999999 525
2000 3000 217
3000 4000 238
5355 5909 236
909 420 179
214 999 179
4214 9999 262
214 560 144
100909 190000 383
241900 340000 407
909000 940000 507
317501 678351 509
122376 805212 509
113950 307354 443
489615 818514 509
619946 919150 525
427609 442979 400
167219 984278 525
541623 745670 509
705909 915326 525
512605 524626 439
695645 818202 504
73645 851813 525
282305 524008 470
445438 563282 470
52073 183499 383
53553 20491 340
24142 12414 282
124 21904 279
532 69095 340
421 12414 268
10414 90955 351
5252 214141 383
249019 624242 470
243 424 144
909 1337 182
414 52325 324
41414 73152 340
343 8999 262
920 5325 238
5133 9091 262
944526 855535 507
764006 566483 509
927199 321678 525
670455 459300 509
764902 616618 509
869231 505371 525
223305 72618 386
458822 394131 449
521194 82858 470
966192 719279 525
232670 82564 443
711117 635464 504
997781 27105 525
651089 14711 509
8153 9069 247
7822 8217 252
7124 8266 252
5839 8628 262
4255 4702 215
2122 4855 238
1582 4055 238
2419 9977 262
6309 6689 244
566 8294 262
8500 9300 260
1544 4536 238
459 9439 262
3891 4343 202
823 2674 209
576 1579 182
1236 2745 209
6103 7239 262
1068 8366 262
1341 9676 262
5810 6492 262
4809 6146 236
9649 6526 260
378565 450258 449
52951 148899 375
74174 484066 449
256706 379633 441
145764 460004 449
261244 367398 441
75088 323389 443
89074 216273 383
117576 155015 375
5139 89943 351
370326 256488 441
359296 341595 441
266327 204975 443
219881 14062 386
293631 259550 407
132724 128600 344
415534 189043 449
392973 219038 443
454459 297148 449
222888 26919 386
462483 301934 449