1 10 20
100 200 125
201 210 89
900 1000 174
47 81 116
15 33 112
42 57 113
58 62 108
14 52 112
55 84 116
10 63 113
45 71 113
37 92 116
80 98 119
74 97 119
40 68 113
17 91 116
45 65 113
49 73 116
23 61 113
49 52 25
9 72 113
42 50 105
11 60 113
59 91 116
38 85 116
81 81 23
41 82 116
41 64 113
27 71 113
49 54 113
19 90 116
35 42 110
72 74 116
24 28 112
80 93 111
9 98 119
34 89 116
20 69 113
14 50 112
84 89 31
40 96 116
18 100 119
40 70 113
37 65 113
44 92 116
21 48 112
2 12 20
5 53 112
35 81 116
24 67 113
21 61 113
3 9 20
44 74 116
21 94 116
24 77 116
35 60 113
11 46 112
36 56 113
43 49 105
43 45 30
9 72 113
81 98 119
35 90 116
56 84 116
33 35 27
77 84 111
72 79 116
5 82 116
50 57 113
90 99 119
43 69 113
7 52 112
22 28 112
11 96 116
51 67 113
12 18 21
25 47 112
42 84 116
10 37 112
24 48 112
83 92 111
77 89 111
17 71 113
622 682 145
499 622 137
377 427 134
440 747 171
272 633 144
133 784 171
153 465 144
162 740 171
471 576 142
276 709 171
100 687 145
154 971 179
245 826 171
635 696 145
254 947 179
128 599 144
608 883 179
605 912 179
207 439 144
247 486 144
336 606 142
385 616 142
255 499 144
319 350 144
897 978 174
393 644 142
157 533 144
140 372 144
471 973 179
484 784 171
516 686 145
808 880 179
440 914 179
352 566 142
135 743 171
406 998 179
269 907 179
132 793 171
692 962 179
216 462 144
718 832 153
380 692 145
17134 51868 324
5457 44639 324
66221 94838 351
76395 89343 351
20907 37901 324
80619 81807 320
33344 85911 351
48123 84725 351
5612 15231 276
47836 48832 265
54072 88533 351
72957 84477 351
53390 89572 351
6196 81631 351
27077 50373 324
12244 49837 324
38863 53656 340
37018 71299 340
27565 82497 351
71650 92168 351
15365 61784 340
26997 74853 340
16995 83748 351
42699 60756 340
62434 67544 330
62460 85871 351
16935 96814 351
42832 80215 351
54129 64150 335
45880 83528 351
44432 62012 340
430 346 134
592 312 144
499 475 142
956 718 179
878 874 117
894 840 179
568 50 144
146 105 122
925 298 179
683 319 145
933 271 179
993 562 179
982 520 179
665 147 145
875 219 179
804 147 171
996 117 179
440 434 116
379 96 144
292 37 128
379 214 144
9 9 20
1345 1345 115
645 645 101
1 1 1
2 2 2
