1 10 20
100 200 125
201 210 89
900 1000 174
1 10000 262
10001 20000 279
20001 30000 308
30001 40000 324
40001 50000 314
50001 60000 340
60001 70000 335
70001 80000 351
80001 90000 333
90001 100000 333
100001 110000 354
110001 120000 349
120001 130000 344
130001 140000 344
140001 150000 375
150001 160000 383
160001 170000 370
170001 180000 347
180001 190000 365
190001 200000 360
200001 210000 373
210001 220000 386
220001 230000 368
230001 240000 443
240001 250000 368
250001 260000 363
260001 270000 407
270001 280000 407
280001 290000 389
290001 300000 371
300001 310000 371
310001 320000 384
320001 330000 384
330001 340000 366
340001 350000 441
350001 360000 379
360001 370000 410
370001 380000 423
380001 390000 436
390001 400000 405
400001 410000 405
410001 420000 449
420001 430000 418
430001 440000 400
440001 450000 369
450001 460000 387
460001 470000 444
470001 480000 382
480001 490000 413
490001 500000 426
500001 510000 426
510001 520000 470
520001 530000 408
530001 540000 377
540001 550000 452
550001 560000 421
560001 570000 421
570001 580000 390
580001 590000 434
590001 600000 403
600001 610000 403
610001 620000 447
620001 630000 509
630001 640000 416
640001 650000 416
650001 660000 429
660001 670000 442
670001 680000 385
680001 690000 398
690001 700000 442
700001 710000 504
710001 720000 411
720001 730000 411
730001 740000 424
740001 750000 393
750001 760000 424
760001 770000 468
770001 780000 437
780001 790000 406
790001 800000 468
800001 810000 406
810001 820000 450
820001 830000 450
830001 840000 525
840001 850000 419
850001 860000 419
860001 870000 388
870001 880000 432
880001 890000 445
890001 900000 370
900001 910000 445
910001 920000 476
920001 930000 476
930001 940000 507
940001 950000 383
950001 960000 414
960001 970000 414
970001 980000 458
980001 990000 427
990001 1000000 440
6900 234234 443
89 18294 279
2940 283629 443
987 123123 354
9230 9300 260
1 1 1
100 100 26
1000 1000 112
9382 999999 525
800000 950000 525
173 289 128
829 1920 182
678 2947 217
5 7 17
19 10002 262
5784 248309 443
987987 990000 352
2937 29347 308
4001 5001 215
30450 123440 354
1234 1234 133
1111 2222 182
333 444 134
555 666 145
987 7654 262
876 9872 262
654123 987123 525
65423 987432 525
1 1000000 525
1 10 20
11 20 21
21 30 112
31 40 107
41 50 110
51 60 113
61 70 108
71 80 116
81 90 111
91 100 119
101 110 114
111 120 70
121 130 122
131 140 91
141 150 117
151 160 86
161 170 112
171 180 125
181 190 107
191 200 120
10 1 20
20 11 21
30 21 112
40 31 107
50 41 110
60 51 113
70 61 108
80 71 116
90 81 111
100 91 119
110 101 114
120 111 70
130 121 122
140 131 91
150 141 117
160 151 86
170 161 112
180 171 125
190 181 107
200 191 120
