1 10 20
100 200 125
201 210 89
900 1000 174
2000 3000 217
4000 6000 236
1 1000000 525
10 1000000 525
20000 201 279
20120 200000 383
3430 133490 354
991518 66647 525
766513 523327 509
435106 7789 449
930756 252368 525
420726 812523 509
454549 460772 356
367396 940127 525
963584 285386 525
301601 620821 470
724265 868046 525
466756 902944 525
489105 795073 509
544465 427972 470
266220 138205 443
626510 727220 504
194066 358889 443
104589 300248 443
692984 526540 509
989959 553339 525
646310 63276 509
702227 736345 504
246200 677698 509
16735 892394 525
371469 23448 443
935427 736342 525
471188 900652 525
813017 875165 525
494570 155082 449
91040 476032 449
825006 375510 509
33112 859468 525
843640 787247 525
15309 988643 525
94047 330040 443
560588 847148 525
255111 795337 509
978933 331384 525
103055 55498 351
904330 659927 525
656987 202009 509
262171 84519 443
771959 111918 509
482571 140760 449
37419 720196 509
300518 416516 449
925777 331089 525
371211 247681 441
366667 433941 449
934263 935537 414
28774 726894 509
552470 551024 377
133981 276071 443
217456 702320 509
400403 922493 525
819547 287473 509
262770 64459 443
723867 905980 525
754430 199682 509
590495 257630 470
217071 367149 443
550358 575455 421
941633 635378 525
271071 45443 443
856886 942193 507
552760 652142 509
87363 93151 333
712793 973802 525
703733 143980 509
336195 782070 509
255674 536355 470
43081 34035 324
959985 786759 525
332954 570542 470
39293 379165 443
484869 595472 470
906399 346715 525
680492 472672 509
743617 812618 468
642030 440836 509
634208 170002 509
295510 485324 449
778043 409669 509
868849 738237 525
668803 852345 525
278897 359818 441
711591 980304 525
951043 390136 525
817456 759370 468
420572 403247 449
395508 11761 443
549186 521489 452
566445 449435 470
669730 973013 525
822422 263971 509
78014 765648 509
213651 753556 509
935325 763399 525
37534 955213 525
385173 840016 525
