399999 402999 387
402999 405999 405
405999 408999 361
408999 411999 449
411999 414999 374
414999 417999 387
417999 420999 343
420999 423999 418
423999 426999 356
426999 429999 374
429999 432999 387
432999 435999 356
435999 438999 400
438999 441999 356
441999 444999 356
444999 447999 338
447999 450999 387
450999 453999 369
453999 456999 356
456999 459999 338
459999 462999 444
462999 465999 369
465999 468999 413
468999 471999 338
471999 474999 382
474999 477999 382
477999 480999 413
480999 483999 382
483999 486999 382
486999 489999 382
489999 492999 426
492999 495999 395
495999 498999 351
498999 501999 395
501999 504999 426
504999 507999 382
507999 510999 377
510999 513999 470
513999 516999 395
516999 519999 439
519999 522999 364
522999 525999 408
525999 528999 408
528999 531999 346
531999 534999 377
534999 537999 377
537999 540999 408
540999 543999 364
543999 546999 452
546999 549999 377
549999 552999 377
552999 555999 421
555999 558999 346
558999 561999 359
561999 564999 421
564999 567999 359
567999 570999 377
570999 573999 372
573999 576999 390
576999 579999 390
579999 582999 328
582999 585999 434
585999 588999 359
588999 591999 403
591999 594999 328
594999 597999 372
597999 600999 372
600999 603999 403
603999 606999 372
606999 609999 403
609999 612999 354
612999 615999 447
615999 618999 372
618999 621999 372
621999 624999 385
624999 627999 509
627999 630999 341
630999 633999 385
633999 636999 416
636999 639999 354
639999 642999 416
642999 645999 310
645999 648999 341
648999 651999 385
651999 654999 385
654999 657999 429
657999 660999 398
660999 663999 323
663999 666999 442
666999 669999 367
669999 672999 367
672999 675999 385
675999 678999 380
678999 681999 367
681999 684999 380
684999 687999 398
687999 690999 336
690999 693999 442
693999 696999 367
696999 699999 367
699999 702999 411
702999 705999 504
705999 708999 349
708999 711999 380
711999 714999 411
714999 717999 380
717999 720999 411
720999 723999 411
723999 726999 362
726999 729999 362
729999 732999 380
732999 735999 424
735999 738999 424
738999 741999 424
741999 744999 349
744999 747999 362
747999 750999 393
750999 753999 424
753999 756999 362
756999 759999 362
759999 762999 380
762999 765999 375
765999 768999 468
768999 771999 393
771999 774999 393
774999 777999 437
777999 780999 437
780999 783999 362
783999 786999 375
786999 789999 406
789999 792999 437
792999 795999 375
795999 798999 468
798999 801999 406
801999 804999 388
804999 807999 406
807999 810999 406
810999 813999 375
813999 816999 357
816999 819999 450
819999 822999 450
822999 825999 375
825999 828999 419
828999 831999 419
831999 834999 388
834999 837999 525
837999 840999 388
840999 843999 388
843999 846999 401
846999 849999 419
849999 852999 357
852999 855999 419
855999 858999 375
858999 861999 357
861999 864999 344
864999 867999 388
867999 870999 388
870999 873999 432
873999 876999 432
876999 879999 401
879999 882999 326
882999 885999 370
885999 888999 445
888999 891999 370
891999 894999 370
894999 897999 370
897999 900999 401
900999 903999 401
903999 906999 445
906999 909999 370
909999 912999 476
912999 915999 370
915999 918999 383
918999 921999 432
921999 924999 445
924999 927999 476
927999 930999 383
930999 933999 370
933999 936999 414
936999 939999 507
939999 942999 383
942999 945999 383
945999 948999 383
948999 951999 414
951999 954999 414
954999 957999 352
957999 960999 414
960999 963999 414
963999 966999 365
966999 969999 352
969999 972999 458
972999 975999 383
975999 978999 383
978999 981999 427
981999 984999 383
984999 987999 427
987999 990999 352
990999 993999 352
993999 996999 365
996999 999999 440
