952866 596817 525
883682 5321 525
732585 603739 509
142104 187888 383
560818 971119 525
267786 389575 441
919487 387933 525
476204 892881 525
239364 662863 509
764280 501226 509
616126 857940 525
972405 355574 525
144342 910015 525
85710 944168 525
211819 794608 509
522179 153521 470
495671 676773 509
1312 960195 525
382765 365818 423
922167 320242 525
211045 329866 443
729288 698606 504
640365 90206 509
517994 782582 509
72298 788309 509
380592 69761 443
288403 447680 449
146692 954439 525
639410 399946 509
672195 69466 509
403392 491807 449
314259 925546 525
494181 819816 509
366214 734907 509
326542 178362 443
287326 995982 525
856721 630466 525
730288 961921 525
477268 363379 449
194303 129808 383
355801 482450 449
789515 691163 504
23516 821613 509
518372 787585 509
843048 904966 445
576034 846877 525
230457 514193 470
961596 29584 525
871784 472268 525
33998 278445 443
327498 945385 525
741749 810806 468
584823 168373 470
84466 66360 351
765815 661838 504
921416 106506 525
814352 499027 509
188480 77939 383
996015 596156 525
893189 627379 525
113175 851141 525
382317 476388 449
883607 266765 525
701812 967199 525
969811 581215 525
959124 335224 525
814571 270635 509
587632 600175 403
683222 545738 509
828264 142133 509
278686 719218 509
902033 877248 445
136399 559346 470
893158 648465 525
769200 325615 509
677143 308685 509
494154 543358 470
863331 658081 525
122634 117397 336
448611 980577 525
810702 534289 509
36619 385019 443
86952 190244 383
131976 351665 443
234435 431942 449
894381 251976 525
117209 882987 525
938116 529855 525
128049 150068 375
324822 964665 525
459980 682520 509
903556 196663 525
476759 39504 449
347499 851335 525
525798 892532 525
175568 918386 525
822462 623123 509
36270 120525 354
622983 499643 470
889368 700147 525
920532 668524 525
767506 331826 509
697133 593548 509
972957 82280 525
297772 189778 443
857860 964691 507
396352 973948 525
601009 375967 470
533566 940090 525
374016 556723 470
538487 241000 470
349857 145046 443
649807 657492 429
486960 954959 525
264909 273713 407
184868 592121 470
807616 780196 468
776009 803012 468
727578 743105 424
270225 885862 525
786635 265348 509
944065 153858 525
348906 353169 379
792480 597014 509
151916 269616 443
759489 477724 509
376538 396969 436
478517 123687 449
72519 541527 470
611915 542014 452
656629 738042 504
421274 886398 525
171226 560352 470
964923 69621 525
709276 918647 525
155117 945134 525
952630 976576 458
851328 145552 525
950991 6996 525
14966 614294 470
813332 479930 509
106541 176629 383
883813 185944 525
12118 810287 509
95315 466769 449
88190 876343 525
948662 662462 525
455241 145246 449
620812 75361 470
411135 483051 444
