1 10 20
100 200 125
201 210 89
900 1000 174
1 1000000 525
1 500000 449
500001 1000000 525
1 250000 443
250001 500000 449
500001 750000 509
750001 1000000 525
1 31250 308
31251 62500 340
62501 93750 351
93751 125000 354
12501 156250 383
156251 187500 370
187501 218750 386
218751 250000 443
250001 281250 407
281251 312500 389
312501 343750 384
343751 375000 441
375001 406250 436
406251 437500 449
437501 468750 444
468751 500000 426
500001 531250 470
531251 562500 452
562501 593750 434
593751 625000 447
625001 656250 509
656251 687500 442
687501 718750 504
718750 750000 424
750001 781250 468
781251 812500 468
812501 843750 525
843751 875000 432
875001 906250 445
906251 937500 476
937501 968750 507
968751 1000000 458
327958 885082 525
357890 411837 449
706530 993635 525
873182 980233 507
291215 331478 384
284220 540508 470
789924 962385 525
693786 806093 504
655428 848805 525
924728 967244 507
524905 948859 525
789657 973024 525
255634 492041 449
208943 733756 509
490899 724381 509
441085 802656 509
583888 722688 509
47418 351801 443
589302 671709 509
960190 983661 458
97 250 128
91 112 119
15 711 171
53 466 144
70 773 171
94 319 131
7 839 171
15 351 144
21 756 171
47 227 125
25 183 125
90 677 145
92 657 145
2 340 144
87 386 144
31 542 144
93 403 144
26 483 144
80 775 171
29 635 144
14276 419801 449
22209 112877 354
2811 359323 443
41970 314680 443
46198 293972 443
42157 118104 354
550 408380 443
9984 352131 443
19648 375210 443
30123 232665 443
26956 103653 351
48103 114718 354
36481 283911 443
31453 499829 449
48938 320364 443
21073 298953 443
49577 260471 443
2314 131698 354
25628 305566 443
20346 54095 340
679643 718714 504
713851 732907 411
533108 583298 452
605645 701318 509
633599 680426 442
732481 744849 424
671633 743782 504
676141 781412 504
710240 750284 424
712255 781992 468
503365 519272 470
520326 648810 509
613735 700518 509
655408 733718 504
635790 725080 504
742109 772352 468
622613 664294 509
546739 756098 509
678665 773223 504
581076 711976 509
383677 304487 441
666006 347046 509
171444 43068 383
702839 387646 509
542759 402310 470
503050 376723 449
403172 311774 441
148866 133757 375
324632 270630 389
576676 290617 470
251429 242489 350
131892 100866 354
13682 10581 276
436087 164050 449
246017 42610 443
737569 655396 504
644472 596385 509
321368 275786 389
179160 129209 383
385857 82831 443
