1 10 20
100 200 125
201 210 89
900 1000 174
60000 50000 340
900001 1000000 507
15 7500 262
81 5 116
85731 49387 351
5000 5002 65
8134 10000 260
1000000 1000000 153
500000 500000 152
250000 250000 151
125000 125000 150
62500 62500 149
31250 31250 148
15625 15625 147
46876 46876 146
1000000 990000 440
1 10 20
1 100 119
101 200 125
750000 800000 468
817547 817632 207
149865 149909 202
518594 518676 271
648991 649080 385
453797 453782 232
825313 825100 300
133171 133043 238
390937 391001 224
803364 803262 269
399257 399270 237
416799 416829 188
627973 627880 248
431651 431437 312
984063 984000 259
106216 106190 173
198118 198115 267
339493 339710 291
920332 920082 233
737858 737718 287
422835 422851 131
942736 942708 233
983052 983003 290
701098 701164 261
539126 539214 302
666527 666448 261
128014 128199 256
32600 32610 192
881866 881877 189
190433 190386 223
460725 460872 276
156404 156482 295
644764 644740 217
190923 190894 223
482022 481875 382
589507 589424 266
384619 384652 193
251806 251777 226
617090 616906 204
824376 824618 282
730248 730216 380
584069 583965 372
906308 906402 370
817760 817672 313
594356 594300 266
425259 425201 250
161484 161393 277
422885 422715 281
598523 598511 279
695949 695975 181
638530 638381 248
68806 68761 206
530864 530976 346
407619 407745 268
718358 718475 336
531333 531267 209
105629 105644 248
778802 778772 225
90823 90792 165
153656 153606 202
440085 440089 157
457424 457485 232
518052 518233 302
637709 637889 354
240707 240759 257
289064 289124 345
695140 694921 367
254790 254645 226
667832 667979 261
344462 344543 291
675332 675226 310
602170 602094 266
647311 647322 217
721046 721056 150
993704 993587 259
105798 105683 248
63591 63547 255
448372 448350 263
763504 763542 269
771980 772157 362
972740 972611 277
138874 138964 282
93820 93826 134
530344 530566 240
484853 484802 289
671431 671455 230
520052 519991 302
149997 150028 370
262145 262041 270
754933 754891 256
