2088 58995 340
49742 69655 340
19060 79707 351
32810 60814 340
46945 58040 340
3457 91082 351
5945 94607 351
42437 96969 351
14183 73782 340
5235 68025 340
38946 85738 351
24953 77967 351
8890 94089 351
12519 64768 340
38616 58345 340
24238 87829 351
42716 64120 340
41994 78703 351
3138 91365 351
31165 76299 340
9390 52511 324
5484 74931 340
47694 92061 351
11086 62611 340
30373 65907 340
27769 90698 351
26593 56164 340
24452 54908 340
32897 88540 351
2484 65356 340
16633 73830 340
11692 90891 351
14761 93983 351
1266 52410 324
7681 79257 351
26988 74374 340
29413 96221 351
31593 53254 340
2092 74309 340
24362 86826 351
32582 72456 340
7595 99913 351
47214 77182 351
22286 52200 324
43337 86225 351
36128 62513 340
33998 65317 340
38329 53743 340
18828 82931 351
39631 61439 340
5017 86908 351
40226 84592 351
43184 70000 340
1377 51305 324
9756 88937 351
27228 92499 351
13157 67743 340
35937 91883 351
14821 51221 324
19322 59134 340
30553 89362 351
31894 72129 340
6326 94720 351
22196 65832 340
31051 90559 351
35811 62839 340
31794 77209 351
24704 81850 351
2197 54215 340
48158 71766 340
3917 51541 324
7908 85245 351
49047 76775 340
28282 76264 340
48879 87645 351
5308 81026 351
29897 74132 340
20274 95891 351
12555 53547 340
41682 58495 340
48099 64637 340
25830 67998 340
34560 54007 340
6777 60363 340
49536 96239 351
46503 61506 340
27760 84724 351
48747 61225 340
38337 89851 351
20293 91657 351
36724 89593 351
25013 65141 340
21107 59805 340
12116 71949 340
2999 55155 340
143 94670 351
36 72259 340
25909 74678 340
18683 89964 351
42976 54020 340
45823 72293 340
24021 93514 351
35776 69292 340
20141 70574 340
11005 77499 351
18755 51306 324
16089 70235 340
44054 65171 340
19746 56724 340
24025 97295 351
35445 98987 351
11203 69744 340
691 64909 340
14667 64296 340
25657 67252 340
48031 81061 351
37271 54761 340
8050 57988 340
33441 93159 351
6277 72438 340
3883 84724 351
32112 61862 340
46984 84910 351
39036 57638 340
27535 53021 340
16764 54955 340
42229 88876 351
3470 63980 340
14605 89832 351
418 79209 351
21160 88009 351
32301 95461 351
41600 63185 340
12205 59136 340
12709 80825 351
41981 99488 351
35209 52426 324
23500 58359 340
9148 72089 340
37970 96525 351
36432 76309 340
23082 94529 351
26590 84056 351
49824 77894 351
28674 73610 340
25973 65439 340
32369 62428 340
21710 74743 340
24769 66303 340
