1 10 20
100 200 125
201 210 89
900 1000 174
110 1111 179
1111 110 179
43243 23434 324
12344 66565 340
34435 45566 324
3234 494949 449
4232 458458 449
5454 23 238
1 100 119
100 300 128
600 400 142
1200 600 182
601 1201 182
4324 567 238
1205 5063 238
6079 493 238
20977 5395 279
9999 5555 262
999999 999998 259
54542 324960 443
9870 69865 340
90005 48683 351
86453 43456 351
2222 2222 33
54369 3495 340
91994 69743 351
9496 59683 340
58689 539686 470
10006 6435 260
10006 66 262
134235 32332 354
9685 65443 340
3959 324345 443
3996 77070 351
99865 3434 351
65 5454 238
9939 25438 282
97965 23423 351
1294 6940 262
32443 6064 308
124349 54359 354
969744 69546 525
1000000 500000 525
2222 54359 340
234949 85535 443
32148 96234 351
10004 49682 324
33485 13488 308
95928 24864 351
74654 63246 330
65727 72475 325
84327 54324 351
747 547 171
643 234 144
5863 3845 236
3845 383 238
33 3333 217
3 33 112
333 3333 217
33333 33 308
6823 1234 262
1593 5324 238
9582 4851 262
2848 9292 262
96042 31857 351
7532 7234 239
75243 2848 340
765 7555 262
72348 7432 340
7283 711 262
73240 8704 340
123 4324 238
18473 62347 340
154 42375 324
37172 75828 340
1828 3847 238
371 9583 262
128 5843 238
8382 84055 351
182 1823 182
84 8480 262
81 2923 217
10 1053 179
9032 233 262
9 999 179
1327 754 182
72 7438 262
734 7432 262
74 7548 262
65324 643 340
5342 523 238
4243 44 238
421 49 144
32321 38 308
85943 84375 302
7421 5374 262
8233 834 262
12 234 128
456 912 179
10 1032 179
234 2458 183
21 2384 183
10 2130 182
23 94 116
9554 931 262
1100 3485 217
32 64 113
128 256 128
512 128 144
1024 2048 182
4096 8012 262
324 512 144
314 1956 182
