4767 7783 262
3623 8508 262
3158 4945 238
3979 5920 236
3669 5765 238
1707 2464 209
2318 3365 217
4233 5892 236
630 5048 238
526 4047 238
2525 3863 238
729 5204 238
1704 2453 183
4845 5729 236
3363 4034 238
4925 9510 262
4345 4823 215
1141 3168 217
2574 5365 238
815 3232 217
2378 3241 217
809 1265 182
1642 3908 238
2241 7038 262
1214 4042 238
968 1782 182
1084 4787 238
1275 5065 238
2883 6768 262
4297 4528 215
1591 2608 209
483 3454 217
2584 5036 238
4861 7716 262
4476 6470 262
4206 4934 215
4425 9239 262
2010 3344 217
3306 3692 194
535 3978 238
5 1114 179
760 3966 238
110 3795 238
2978 3648 199
3488 6095 238
3982 8557 262
872 1033 174
4637 7727 262
1567 6431 262
4027 6697 262
4946 7274 262
2450 2917 209
3568 5238 238
2721 4934 238
2865 4296 238
4385 5129 210
952 1925 182
1236 4300 238
572 1908 182
91 1037 179
411 2600 209
1570 1756 180
3203 6901 262
2962 3018 155
4009 5859 236
535 1710 182
2306 5499 238
3429 7828 262
4872 7124 262
145 2217 182
4422 4481 184
2277 4841 238
4340 8701 262
1068 3362 217
76 3627 217
3985 8791 262
3487 8115 262
2959 5236 238
2483 6495 262
4574 6947 262
4327 8506 262
2879 7551 262
4753 5619 236
3809 8520 262
2059 4832 238
4361 5645 236
453 2759 209
1904 6208 262
3824 7255 262
3439 4252 238
3376 4725 238
4082 6320 262
4433 9332 262
2388 2915 209
477 3053 217
775 1391 182
2694 3464 217
3501 3928 238
208 3579 217
603 3822 238
3434 7235 262
1158 5764 238
2404 4694 238
4274 7286 262
2023 6294 262
2601 6919 262
4437 8603 262
4663 4940 210
952 4024 238
4654 8739 262
4932 6296 262
4004 6468 262
4927 5373 210
3512 8182 262
1989 3653 217
4163 6579 262
2825 6703 262
4078 8676 262
738 3313 217
3790 8555 262
4235 6907 262
859 5037 238
2463 5455 238
4496 4740 184
553 1474 182
1565 5585 238
3193 3744 238
641 1584 182
1159 4696 238
3561 5991 238
598 5503 238
619 2323 183
4936 6318 262
2762 6411 262
4912 6877 262
3333 5086 238
4987 9043 262
1448 5463 238
2705 5295 238
956 3891 238
1028 4276 238
3578 8043 262
2427 6818 262
628 2841 209
4663 9034 262
3019 6991 262
3048 5874 238
4897 6511 262
4952 6586 262
2666 3520 217
1 1000000 525
