464375 865426 525
744921 750568 393
94410 507416 449
407927 971728 525
75423 248166 443
9196 981180 525
177108 546700 470
23649 60678 340
265429 539036 470
776625 997774 525
167432 634961 509
210072 675987 509
20184 643150 509
575218 882819 525
463597 619530 470
367813 948375 525
454268 993380 525
193547 837436 509
120470 280831 443
224090 897544 525
246856 401357 441
285019 862680 525
47910 757751 509
708665 982182 525
309256 698156 509
324771 506869 449
449853 889819 525
136615 450243 449
19052 772854 509
691269 986174 525
205156 774055 509
331897 636222 509
249685 767472 509
199225 945919 525
177254 344027 443
930479 993483 507
440238 999477 525
414777 851841 525
199836 203581 342
137138 264765 443
601927 929813 525
184121 941196 525
141774 900218 525
364026 462957 449
14998 894084 525
41755 653986 509
703594 832978 504
266882 849479 525
435721 958943 525
287232 628505 509
104006 270777 443
804192 917119 525
62321 652195 509
529129 723375 509
60016 320618 443
193628 544365 470
26927 957395 525
574811 755984 509
186603 355149 443
243915 786104 509
55379 895780 525
486009 503686 426
30006 824740 509
948031 986980 458
811825 932086 525
389658 392463 361
72715 573346 470
151772 501591 449
69736 409854 443
577567 843354 525
400831 918993 525
191350 342146 443
638396 973218 525
515845 822651 509
782986 945582 525
632367 713805 504
187287 686437 509
459603 848719 525
300236 480431 449
69313 687399 509
158428 761371 509
977123 982063 427
8031 149622 375
257515 660068 509
925219 938985 476
102096 209438 383
64456 976165 525
575723 836721 509
378073 888002 525
546300 652229 509
331509 947640 525
435441 680228 509
348712 781010 509
498802 636744 509
580975 964470 525
117812 578387 470
97236 689794 509
114790 909095 525
66278 255713 443
887260 920398 476
